Server is ready to accept connections on port 1527.
Connection number: 1.
Connection number: 2.
----------------------------------------------------------------
2011-04-27 19:06:19.924 GMT:
 Booting Derby version The Apache Software Foundation - Apache Derby - 10.1.3.1 - (417277): instance c013800d-012f-97d8-748b-0000035bdc08
on database directory C:\Users\montecalvos\Documents\AndroidPOS\AndroidPOS\floreantpos\posdb 

Database Class Loader started - derby.database.classpath=''
Connection number: 3.
Connection number: 4.
Connection number: 5.
Connection number: 6.
Connection number: 7.
Connection number: 8.
Connection number: 9.
Connection number: 10.
Connection number: 11.
Connection number: 12.
Connection number: 13.
Connection number: 14.
Connection number: 15.
Connection number: 16.
Connection number: 17.
Connection number: 18.
Connection number: 19.
Connection number: 20.
Connection number: 21.
Connection number: 22.
Connection number: 23.
Connection number: 24.
Connection number: 25.
Connection number: 26.
Connection number: 27.
Connection number: 28.
Connection number: 29.
Connection number: 30.
Connection number: 31.
Connection number: 32.
Connection number: 33.
Connection number: 34.
Connection number: 35.
Connection number: 36.
Connection number: 37.
Connection number: 38.
Connection number: 39.
Connection number: 40.
Connection number: 41.
Connection number: 42.
Connection number: 43.
Connection number: 44.
Connection number: 45.
Connection number: 46.
Connection number: 47.
Connection number: 48.
Connection number: 49.
Connection number: 50.
Connection number: 51.
Connection number: 52.
Connection number: 53.
Connection number: 54.
Connection number: 55.
Connection number: 56.
Connection number: 57.
Connection number: 58.
Connection number: 59.
Connection number: 60.
Connection number: 61.
Connection number: 62.
Connection number: 63.
Connection number: 64.
Connection number: 65.
Connection number: 66.
Connection number: 67.
Connection number: 68.
Connection number: 69.
Connection number: 70.
Connection number: 71.
Connection number: 72.
Connection number: 73.
Connection number: 74.
Connection number: 75.
Connection number: 76.
Connection number: 77.
Connection number: 78.
Connection number: 79.
Connection number: 80.
Connection number: 81.
Connection number: 82.
